<!DOCTYPE html>
<html>
<head>
<meta http-equiv="Content-Type" content="text/html; charset=utf-8"/>
<meta http-equiv="x-ua-compatible" content="IE=edge"/>
<title>Test results - Class CRONOS -&gt; Desacoplamiento</title>
<link href="../css/base-style.css" rel="stylesheet" type="text/css"/>
<link href="../css/style.css" rel="stylesheet" type="text/css"/>
<script src="../js/report.js" type="text/javascript"></script>
</head>
<body>
<div id="content">
<h1>Class CRONOS -&gt; Desacoplamiento</h1>
<div class="breadcrumbs">
<a href="../index.html">all</a> &gt; 
<a href="../packages/default-package.html">default-package</a> &gt; CRONOS -&gt; Desacoplamiento</div>
<div id="summary">
<table>
<tr>
<td>
<div class="summaryGroup">
<table>
<tr>
<td>
<div class="infoBox" id="tests">
<div class="counter">5</div>
<p>tests</p>
</div>
</td>
<td>
<div class="infoBox" id="failures">
<div class="counter">5</div>
<p>failures</p>
</div>
</td>
<td>
<div class="infoBox" id="ignored">
<div class="counter">0</div>
<p>ignored</p>
</div>
</td>
<td>
<div class="infoBox" id="duration">
<div class="counter">49.505s</div>
<p>duration</p>
</div>
</td>
</tr>
</table>
</div>
</td>
<td>
<div class="infoBox failures" id="successRate">
<div class="percent">0%</div>
<p>successful</p>
</div>
</td>
</tr>
</table>
</div>
<div id="tabs">
<ul class="tabLinks">
<li>
<a href="#tab0">Failed tests</a>
</li>
<li>
<a href="#tab1">Tests</a>
</li>
<li>
<a href="#tab2">Standard output</a>
</li>
<li>
<a href="#tab3">Standard error</a>
</li>
</ul>
<div id="tab0" class="tab">
<h2>Failed tests</h2>
<div class="test">
<a name="Menu Bienes/ Opcion Confirmar Bienes recurrentes"></a>
<h3 class="failures">Menu Bienes/ Opcion Confirmar Bienes recurrentes</h3>
<span class="code">
<pre>org.openqa.selenium.NoSuchElementException: Timed out after 1 seconds. Element not found
For documentation on this error, please visit: https://www.seleniumhq.org/exceptions/no_such_element.html
Build info: version: '3.141.59', revision: 'e82be7d358', time: '2018-11-14T08:17:03'
System info: host: 'PTOF67355', ip: '192.168.0.146', os.name: 'Windows 10', os.arch: 'amd64', os.version: '10.0', java.version: '1.8.0_191'
Driver info: driver.version: unknown
	at net.thucydides.core.annotations.locators.SmartAjaxElementLocator.ajaxFindElement(SmartAjaxElementLocator.java:172)
	at net.thucydides.core.annotations.locators.SmartAjaxElementLocator.findElement(SmartAjaxElementLocator.java:124)
	at net.serenitybdd.core.pages.WebElementResolverByElementLocator.resolveForDriver(WebElementResolverByElementLocator.java:27)
	at net.serenitybdd.core.pages.WebElementFacadeImpl.getElement(WebElementFacadeImpl.java:208)
	at net.serenitybdd.core.pages.WebElementFacadeImpl.sendKeys(WebElementFacadeImpl.java:1141)
	at sun.reflect.NativeMethodAccessorImpl.invoke0(Native Method)
	at sun.reflect.NativeMethodAccessorImpl.invoke(NativeMethodAccessorImpl.java:62)
	at sun.reflect.DelegatingMethodAccessorImpl.invoke(DelegatingMethodAccessorImpl.java:43)
	at java.lang.reflect.Method.invoke(Method.java:498)
	at net.thucydides.core.annotations.locators.AbstractSingleItemHandler.invoke(AbstractSingleItemHandler.java:45)
	at com.sun.proxy.$Proxy27.sendKeys(Unknown Source)
	at co.edu.eafit.pageObject.CronosPageO.login(CronosPageO.java:138)
	at co.edu.eafit.Steps.CronosSteps.ingresoapp(CronosSteps.java:23)
	at co.edu.eafit.Steps.CronosSteps$$EnhancerByCGLIB$$69a82d2d.CGLIB$ingresoapp$1(&lt;generated&gt;)
	at co.edu.eafit.Steps.CronosSteps$$EnhancerByCGLIB$$69a82d2d$$FastClassByCGLIB$$8bde41e9.invoke(&lt;generated&gt;)
	at net.sf.cglib.proxy.MethodProxy.invokeSuper(MethodProxy.java:228)
	at net.thucydides.core.steps.BaseMethodRunner.invokeMethod(BaseMethodRunner.java:10)
	at net.thucydides.core.steps.NormalMethodRunner.invokeMethodAndNotifyFailures(NormalMethodRunner.java:20)
	at net.thucydides.core.steps.StepInterceptor.runNormalMethod(StepInterceptor.java:390)
	at net.thucydides.core.steps.StepInterceptor.testStepResult(StepInterceptor.java:161)
	at net.thucydides.core.steps.StepInterceptor.intercept(StepInterceptor.java:72)
	at co.edu.eafit.Steps.CronosSteps$$EnhancerByCGLIB$$69a82d2d.ingresoapp(&lt;generated&gt;)
	at co.edu.eafit.definitions.CronosDefinition.elIngresaLosDatosUsuarioYClave(CronosDefinition.java:25)
	at ✽.el ingresa los datos usuario &quot;sagudel7&quot; y clave &quot;12345&quot;(src/test/resources/features/Cronos.feature:9)
</pre>
</span>
</div>
<div class="test">
<a name="Menu Bienes/ Opcion Lista de requerimientos"></a>
<h3 class="failures">Menu Bienes/ Opcion Lista de requerimientos</h3>
<span class="code">
<pre>org.openqa.selenium.NoSuchElementException: Timed out after 1 seconds. Element not found
For documentation on this error, please visit: https://www.seleniumhq.org/exceptions/no_such_element.html
Build info: version: '3.141.59', revision: 'e82be7d358', time: '2018-11-14T08:17:03'
System info: host: 'PTOF67355', ip: '192.168.0.146', os.name: 'Windows 10', os.arch: 'amd64', os.version: '10.0', java.version: '1.8.0_191'
Driver info: driver.version: unknown
	at net.thucydides.core.annotations.locators.SmartAjaxElementLocator.ajaxFindElement(SmartAjaxElementLocator.java:172)
	at net.thucydides.core.annotations.locators.SmartAjaxElementLocator.findElement(SmartAjaxElementLocator.java:124)
	at net.serenitybdd.core.pages.WebElementResolverByElementLocator.resolveForDriver(WebElementResolverByElementLocator.java:27)
	at net.serenitybdd.core.pages.WebElementFacadeImpl.getElement(WebElementFacadeImpl.java:208)
	at net.serenitybdd.core.pages.WebElementFacadeImpl.sendKeys(WebElementFacadeImpl.java:1141)
	at sun.reflect.NativeMethodAccessorImpl.invoke0(Native Method)
	at sun.reflect.NativeMethodAccessorImpl.invoke(NativeMethodAccessorImpl.java:62)
	at sun.reflect.DelegatingMethodAccessorImpl.invoke(DelegatingMethodAccessorImpl.java:43)
	at java.lang.reflect.Method.invoke(Method.java:498)
	at net.thucydides.core.annotations.locators.AbstractSingleItemHandler.invoke(AbstractSingleItemHandler.java:45)
	at com.sun.proxy.$Proxy27.sendKeys(Unknown Source)
	at co.edu.eafit.pageObject.CronosPageO.login(CronosPageO.java:138)
	at co.edu.eafit.Steps.CronosSteps.ingresoapp(CronosSteps.java:23)
	at co.edu.eafit.Steps.CronosSteps$$EnhancerByCGLIB$$69a82d2d.CGLIB$ingresoapp$1(&lt;generated&gt;)
	at co.edu.eafit.Steps.CronosSteps$$EnhancerByCGLIB$$69a82d2d$$FastClassByCGLIB$$8bde41e9.invoke(&lt;generated&gt;)
	at net.sf.cglib.proxy.MethodProxy.invokeSuper(MethodProxy.java:228)
	at net.thucydides.core.steps.BaseMethodRunner.invokeMethod(BaseMethodRunner.java:10)
	at net.thucydides.core.steps.NormalMethodRunner.invokeMethodAndNotifyFailures(NormalMethodRunner.java:20)
	at net.thucydides.core.steps.StepInterceptor.runNormalMethod(StepInterceptor.java:390)
	at net.thucydides.core.steps.StepInterceptor.testStepResult(StepInterceptor.java:161)
	at net.thucydides.core.steps.StepInterceptor.intercept(StepInterceptor.java:72)
	at co.edu.eafit.Steps.CronosSteps$$EnhancerByCGLIB$$69a82d2d.ingresoapp(&lt;generated&gt;)
	at co.edu.eafit.definitions.CronosDefinition.elIngresaLosDatosUsuarioYClave(CronosDefinition.java:25)
	at ✽.el ingresa los datos usuario &quot;sagudel7&quot; y clave &quot;12345&quot;(src/test/resources/features/Cronos.feature:9)
</pre>
</span>
</div>
<div class="test">
<a name="Menu Bienes/ Opcion Solicitar requerimiento"></a>
<h3 class="failures">Menu Bienes/ Opcion Solicitar requerimiento</h3>
<span class="code">
<pre>org.openqa.selenium.NoSuchElementException: Timed out after 1 seconds. Element not found
For documentation on this error, please visit: https://www.seleniumhq.org/exceptions/no_such_element.html
Build info: version: '3.141.59', revision: 'e82be7d358', time: '2018-11-14T08:17:03'
System info: host: 'PTOF67355', ip: '192.168.0.146', os.name: 'Windows 10', os.arch: 'amd64', os.version: '10.0', java.version: '1.8.0_191'
Driver info: driver.version: unknown
	at net.thucydides.core.annotations.locators.SmartAjaxElementLocator.ajaxFindElement(SmartAjaxElementLocator.java:172)
	at net.thucydides.core.annotations.locators.SmartAjaxElementLocator.findElement(SmartAjaxElementLocator.java:124)
	at net.serenitybdd.core.pages.WebElementResolverByElementLocator.resolveForDriver(WebElementResolverByElementLocator.java:27)
	at net.serenitybdd.core.pages.WebElementFacadeImpl.getElement(WebElementFacadeImpl.java:208)
	at net.serenitybdd.core.pages.WebElementFacadeImpl.sendKeys(WebElementFacadeImpl.java:1141)
	at sun.reflect.NativeMethodAccessorImpl.invoke0(Native Method)
	at sun.reflect.NativeMethodAccessorImpl.invoke(NativeMethodAccessorImpl.java:62)
	at sun.reflect.DelegatingMethodAccessorImpl.invoke(DelegatingMethodAccessorImpl.java:43)
	at java.lang.reflect.Method.invoke(Method.java:498)
	at net.thucydides.core.annotations.locators.AbstractSingleItemHandler.invoke(AbstractSingleItemHandler.java:45)
	at com.sun.proxy.$Proxy27.sendKeys(Unknown Source)
	at co.edu.eafit.pageObject.CronosPageO.login(CronosPageO.java:138)
	at co.edu.eafit.Steps.CronosSteps.ingresoapp(CronosSteps.java:23)
	at co.edu.eafit.Steps.CronosSteps$$EnhancerByCGLIB$$69a82d2d.CGLIB$ingresoapp$1(&lt;generated&gt;)
	at co.edu.eafit.Steps.CronosSteps$$EnhancerByCGLIB$$69a82d2d$$FastClassByCGLIB$$8bde41e9.invoke(&lt;generated&gt;)
	at net.sf.cglib.proxy.MethodProxy.invokeSuper(MethodProxy.java:228)
	at net.thucydides.core.steps.BaseMethodRunner.invokeMethod(BaseMethodRunner.java:10)
	at net.thucydides.core.steps.NormalMethodRunner.invokeMethodAndNotifyFailures(NormalMethodRunner.java:20)
	at net.thucydides.core.steps.StepInterceptor.runNormalMethod(StepInterceptor.java:390)
	at net.thucydides.core.steps.StepInterceptor.testStepResult(StepInterceptor.java:161)
	at net.thucydides.core.steps.StepInterceptor.intercept(StepInterceptor.java:72)
	at co.edu.eafit.Steps.CronosSteps$$EnhancerByCGLIB$$69a82d2d.ingresoapp(&lt;generated&gt;)
	at co.edu.eafit.definitions.CronosDefinition.elIngresaLosDatosUsuarioYClave(CronosDefinition.java:25)
	at ✽.el ingresa los datos usuario &quot;sagudel7&quot; y clave &quot;12345&quot;(src/test/resources/features/Cronos.feature:9)
</pre>
</span>
</div>
<div class="test">
<a name="Menu Proveedores/ Opcion Editar proveedores"></a>
<h3 class="failures">Menu Proveedores/ Opcion Editar proveedores</h3>
<span class="code">
<pre>org.openqa.selenium.NoSuchElementException: Timed out after 1 seconds. Element not found
For documentation on this error, please visit: https://www.seleniumhq.org/exceptions/no_such_element.html
Build info: version: '3.141.59', revision: 'e82be7d358', time: '2018-11-14T08:17:03'
System info: host: 'PTOF67355', ip: '192.168.0.146', os.name: 'Windows 10', os.arch: 'amd64', os.version: '10.0', java.version: '1.8.0_191'
Driver info: driver.version: unknown
	at net.thucydides.core.annotations.locators.SmartAjaxElementLocator.ajaxFindElement(SmartAjaxElementLocator.java:172)
	at net.thucydides.core.annotations.locators.SmartAjaxElementLocator.findElement(SmartAjaxElementLocator.java:124)
	at net.serenitybdd.core.pages.WebElementResolverByElementLocator.resolveForDriver(WebElementResolverByElementLocator.java:27)
	at net.serenitybdd.core.pages.WebElementFacadeImpl.getElement(WebElementFacadeImpl.java:208)
	at net.serenitybdd.core.pages.WebElementFacadeImpl.sendKeys(WebElementFacadeImpl.java:1141)
	at sun.reflect.NativeMethodAccessorImpl.invoke0(Native Method)
	at sun.reflect.NativeMethodAccessorImpl.invoke(NativeMethodAccessorImpl.java:62)
	at sun.reflect.DelegatingMethodAccessorImpl.invoke(DelegatingMethodAccessorImpl.java:43)
	at java.lang.reflect.Method.invoke(Method.java:498)
	at net.thucydides.core.annotations.locators.AbstractSingleItemHandler.invoke(AbstractSingleItemHandler.java:45)
	at com.sun.proxy.$Proxy27.sendKeys(Unknown Source)
	at co.edu.eafit.pageObject.CronosPageO.login(CronosPageO.java:138)
	at co.edu.eafit.Steps.CronosSteps.ingresoapp(CronosSteps.java:23)
	at co.edu.eafit.Steps.CronosSteps$$EnhancerByCGLIB$$69a82d2d.CGLIB$ingresoapp$1(&lt;generated&gt;)
	at co.edu.eafit.Steps.CronosSteps$$EnhancerByCGLIB$$69a82d2d$$FastClassByCGLIB$$8bde41e9.invoke(&lt;generated&gt;)
	at net.sf.cglib.proxy.MethodProxy.invokeSuper(MethodProxy.java:228)
	at net.thucydides.core.steps.BaseMethodRunner.invokeMethod(BaseMethodRunner.java:10)
	at net.thucydides.core.steps.NormalMethodRunner.invokeMethodAndNotifyFailures(NormalMethodRunner.java:20)
	at net.thucydides.core.steps.StepInterceptor.runNormalMethod(StepInterceptor.java:390)
	at net.thucydides.core.steps.StepInterceptor.testStepResult(StepInterceptor.java:161)
	at net.thucydides.core.steps.StepInterceptor.intercept(StepInterceptor.java:72)
	at co.edu.eafit.Steps.CronosSteps$$EnhancerByCGLIB$$69a82d2d.ingresoapp(&lt;generated&gt;)
	at co.edu.eafit.definitions.CronosDefinition.elIngresaLosDatosUsuarioYClave(CronosDefinition.java:25)
	at ✽.el ingresa los datos usuario &quot;sagudel7&quot; y clave &quot;12345&quot;(src/test/resources/features/Cronos.feature:9)
</pre>
</span>
</div>
<div class="test">
<a name="Menu Servicios/ Opcion Solicitar requerimiento"></a>
<h3 class="failures">Menu Servicios/ Opcion Solicitar requerimiento</h3>
<span class="code">
<pre>org.openqa.selenium.NoSuchElementException: Timed out after 1 seconds. Element not found
For documentation on this error, please visit: https://www.seleniumhq.org/exceptions/no_such_element.html
Build info: version: '3.141.59', revision: 'e82be7d358', time: '2018-11-14T08:17:03'
System info: host: 'PTOF67355', ip: '192.168.0.146', os.name: 'Windows 10', os.arch: 'amd64', os.version: '10.0', java.version: '1.8.0_191'
Driver info: driver.version: unknown
	at net.thucydides.core.annotations.locators.SmartAjaxElementLocator.ajaxFindElement(SmartAjaxElementLocator.java:172)
	at net.thucydides.core.annotations.locators.SmartAjaxElementLocator.findElement(SmartAjaxElementLocator.java:124)
	at net.serenitybdd.core.pages.WebElementResolverByElementLocator.resolveForDriver(WebElementResolverByElementLocator.java:27)
	at net.serenitybdd.core.pages.WebElementFacadeImpl.getElement(WebElementFacadeImpl.java:208)
	at net.serenitybdd.core.pages.WebElementFacadeImpl.sendKeys(WebElementFacadeImpl.java:1141)
	at sun.reflect.NativeMethodAccessorImpl.invoke0(Native Method)
	at sun.reflect.NativeMethodAccessorImpl.invoke(NativeMethodAccessorImpl.java:62)
	at sun.reflect.DelegatingMethodAccessorImpl.invoke(DelegatingMethodAccessorImpl.java:43)
	at java.lang.reflect.Method.invoke(Method.java:498)
	at net.thucydides.core.annotations.locators.AbstractSingleItemHandler.invoke(AbstractSingleItemHandler.java:45)
	at com.sun.proxy.$Proxy27.sendKeys(Unknown Source)
	at co.edu.eafit.pageObject.CronosPageO.login(CronosPageO.java:138)
	at co.edu.eafit.Steps.CronosSteps.ingresoapp(CronosSteps.java:23)
	at co.edu.eafit.Steps.CronosSteps$$EnhancerByCGLIB$$69a82d2d.CGLIB$ingresoapp$1(&lt;generated&gt;)
	at co.edu.eafit.Steps.CronosSteps$$EnhancerByCGLIB$$69a82d2d$$FastClassByCGLIB$$8bde41e9.invoke(&lt;generated&gt;)
	at net.sf.cglib.proxy.MethodProxy.invokeSuper(MethodProxy.java:228)
	at net.thucydides.core.steps.BaseMethodRunner.invokeMethod(BaseMethodRunner.java:10)
	at net.thucydides.core.steps.NormalMethodRunner.invokeMethodAndNotifyFailures(NormalMethodRunner.java:20)
	at net.thucydides.core.steps.StepInterceptor.runNormalMethod(StepInterceptor.java:390)
	at net.thucydides.core.steps.StepInterceptor.testStepResult(StepInterceptor.java:161)
	at net.thucydides.core.steps.StepInterceptor.intercept(StepInterceptor.java:72)
	at co.edu.eafit.Steps.CronosSteps$$EnhancerByCGLIB$$69a82d2d.ingresoapp(&lt;generated&gt;)
	at co.edu.eafit.definitions.CronosDefinition.elIngresaLosDatosUsuarioYClave(CronosDefinition.java:25)
	at ✽.el ingresa los datos usuario &quot;sagudel7&quot; y clave &quot;12345&quot;(src/test/resources/features/Cronos.feature:9)
</pre>
</span>
</div>
</div>
<div id="tab1" class="tab">
<h2>Tests</h2>
<table>
<thead>
<tr>
<th>Test</th>
<th>Duration</th>
<th>Result</th>
</tr>
</thead>
<tr>
<td class="failures">Menu Bienes/ Opcion Confirmar Bienes recurrentes</td>
<td class="failures">6.455s</td>
<td class="failures">failed</td>
</tr>
<tr>
<td class="failures">Menu Bienes/ Opcion Lista de requerimientos</td>
<td class="failures">7.442s</td>
<td class="failures">failed</td>
</tr>
<tr>
<td class="failures">Menu Bienes/ Opcion Solicitar requerimiento</td>
<td class="failures">8.533s</td>
<td class="failures">failed</td>
</tr>
<tr>
<td class="failures">Menu Proveedores/ Opcion Editar proveedores</td>
<td class="failures">15.979s</td>
<td class="failures">failed</td>
</tr>
<tr>
<td class="failures">Menu Servicios/ Opcion Solicitar requerimiento</td>
<td class="failures">11.096s</td>
<td class="failures">failed</td>
</tr>
</table>
</div>
<div id="tab2" class="tab">
<h2>Standard output</h2>
<span class="code">
<pre>









</pre>
</span>
</div>
<div id="tab3" class="tab">
<h2>Standard error</h2>
<span class="code">
<pre>ago 24, 2020 9:45:17 AM org.openqa.selenium.remote.DesiredCapabilities chrome
INFORMACIÓN: Using `new ChromeOptions()` is preferred to `DesiredCapabilities.chrome()`
Starting ChromeDriver 2.44.609538 (b655c5a60b0b544917107a59d4153d4bf78e1b90) on port 3631
Only local connections are allowed.
ago 24, 2020 9:45:25 AM org.openqa.selenium.remote.ProtocolHandshake createSession
INFORMACIÓN: Detected dialect: OSS
[Test worker] ERROR net.thucydides.core.steps.ConsoleLoggingListener - 
           __  _____ _____ ____ _____   _____ _    ___ _     _____ ____  
  _       / / |_   _| ____/ ___|_   _| |  ___/ \  |_ _| |   | ____|  _ \ 
 (_)_____| |    | | |  _| \___ \ | |   | |_ / _ \  | || |   |  _| | | | |
  _|_____| |    | | | |___ ___) || |   |  _/ ___ \ | || |___| |___| |_| |
 (_)     | |    |_| |_____|____/ |_|   |_|/_/   \_\___|_____|_____|____/ 
          \_\                                                            

TEST FAILED WITH ERROR: Menu Proveedores/ Opcion Editar proveedores
---------------------------------------------------------------------
[Test worker] ERROR net.thucydides.core.steps.ConsoleLoggingListener - TEST FAILED AT STEP Ingresoapp: sagudel7, 12345
[Test worker] ERROR net.thucydides.core.steps.ConsoleLoggingListener - Timed out after 1 seconds. Element not found
ago 24, 2020 9:45:33 AM org.openqa.selenium.remote.DesiredCapabilities chrome
INFORMACIÓN: Using `new ChromeOptions()` is preferred to `DesiredCapabilities.chrome()`
ago 24, 2020 9:45:34 AM org.openqa.selenium.remote.ProtocolHandshake createSession
INFORMACIÓN: Detected dialect: OSS
[Test worker] ERROR net.thucydides.core.steps.ConsoleLoggingListener - 
           __  _____ _____ ____ _____   _____ _    ___ _     _____ ____  
  _       / / |_   _| ____/ ___|_   _| |  ___/ \  |_ _| |   | ____|  _ \ 
 (_)_____| |    | | |  _| \___ \ | |   | |_ / _ \  | || |   |  _| | | | |
  _|_____| |    | | | |___ ___) || |   |  _/ ___ \ | || |___| |___| |_| |
 (_)     | |    |_| |_____|____/ |_|   |_|/_/   \_\___|_____|_____|____/ 
          \_\                                                            

TEST FAILED WITH ERROR: Menu Servicios/ Opcion Solicitar requerimiento
---------------------------------------------------------------------
[Test worker] ERROR net.thucydides.core.steps.ConsoleLoggingListener - TEST FAILED AT STEP Ingresoapp: sagudel7, 12345
[Test worker] ERROR net.thucydides.core.steps.ConsoleLoggingListener - Timed out after 1 seconds. Element not found
ago 24, 2020 9:45:44 AM org.openqa.selenium.remote.DesiredCapabilities chrome
INFORMACIÓN: Using `new ChromeOptions()` is preferred to `DesiredCapabilities.chrome()`
ago 24, 2020 9:45:46 AM org.openqa.selenium.remote.ProtocolHandshake createSession
INFORMACIÓN: Detected dialect: OSS
[Test worker] ERROR net.thucydides.core.steps.ConsoleLoggingListener - 
           __  _____ _____ ____ _____   _____ _    ___ _     _____ ____  
  _       / / |_   _| ____/ ___|_   _| |  ___/ \  |_ _| |   | ____|  _ \ 
 (_)_____| |    | | |  _| \___ \ | |   | |_ / _ \  | || |   |  _| | | | |
  _|_____| |    | | | |___ ___) || |   |  _/ ___ \ | || |___| |___| |_| |
 (_)     | |    |_| |_____|____/ |_|   |_|/_/   \_\___|_____|_____|____/ 
          \_\                                                            

TEST FAILED WITH ERROR: Menu Bienes/ Opcion Lista de requerimientos
---------------------------------------------------------------------
[Test worker] ERROR net.thucydides.core.steps.ConsoleLoggingListener - TEST FAILED AT STEP Ingresoapp: sagudel7, 12345
[Test worker] ERROR net.thucydides.core.steps.ConsoleLoggingListener - Timed out after 1 seconds. Element not found
ago 24, 2020 9:45:51 AM org.openqa.selenium.remote.DesiredCapabilities chrome
INFORMACIÓN: Using `new ChromeOptions()` is preferred to `DesiredCapabilities.chrome()`
ago 24, 2020 9:45:54 AM org.openqa.selenium.remote.ProtocolHandshake createSession
INFORMACIÓN: Detected dialect: OSS
[Test worker] ERROR net.thucydides.core.steps.ConsoleLoggingListener - 
           __  _____ _____ ____ _____   _____ _    ___ _     _____ ____  
  _       / / |_   _| ____/ ___|_   _| |  ___/ \  |_ _| |   | ____|  _ \ 
 (_)_____| |    | | |  _| \___ \ | |   | |_ / _ \  | || |   |  _| | | | |
  _|_____| |    | | | |___ ___) || |   |  _/ ___ \ | || |___| |___| |_| |
 (_)     | |    |_| |_____|____/ |_|   |_|/_/   \_\___|_____|_____|____/ 
          \_\                                                            

TEST FAILED WITH ERROR: Menu Bienes/ Opcion Solicitar requerimiento
---------------------------------------------------------------------
[Test worker] ERROR net.thucydides.core.steps.ConsoleLoggingListener - TEST FAILED AT STEP Ingresoapp: sagudel7, 12345
[Test worker] ERROR net.thucydides.core.steps.ConsoleLoggingListener - Timed out after 1 seconds. Element not found
ago 24, 2020 9:46:00 AM org.openqa.selenium.remote.DesiredCapabilities chrome
INFORMACIÓN: Using `new ChromeOptions()` is preferred to `DesiredCapabilities.chrome()`
ago 24, 2020 9:46:01 AM org.openqa.selenium.remote.ProtocolHandshake createSession
INFORMACIÓN: Detected dialect: OSS
[Test worker] ERROR net.thucydides.core.steps.ConsoleLoggingListener - 
           __  _____ _____ ____ _____   _____ _    ___ _     _____ ____  
  _       / / |_   _| ____/ ___|_   _| |  ___/ \  |_ _| |   | ____|  _ \ 
 (_)_____| |    | | |  _| \___ \ | |   | |_ / _ \  | || |   |  _| | | | |
  _|_____| |    | | | |___ ___) || |   |  _/ ___ \ | || |___| |___| |_| |
 (_)     | |    |_| |_____|____/ |_|   |_|/_/   \_\___|_____|_____|____/ 
          \_\                                                            

TEST FAILED WITH ERROR: Menu Bienes/ Opcion Confirmar Bienes recurrentes
---------------------------------------------------------------------
[Test worker] ERROR net.thucydides.core.steps.ConsoleLoggingListener - TEST FAILED AT STEP Ingresoapp: sagudel7, 12345
[Test worker] ERROR net.thucydides.core.steps.ConsoleLoggingListener - Timed out after 1 seconds. Element not found
</pre>
</span>
</div>
</div>
<div id="footer">
<p>
<div>
<label class="hidden" id="label-for-line-wrapping-toggle" for="line-wrapping-toggle">Wrap lines
<input id="line-wrapping-toggle" type="checkbox" autocomplete="off"/>
</label>
</div>Generated by 
<a href="http://www.gradle.org">Gradle 4.10.2</a> at 24/08/2020 09:58:06 AM</p>
</div>
</div>
</body>
</html>
